{"total": {"lines":{"total":215,"covered":210,"skipped":0,"pct":97.67},"statements":{"total":227,"covered":216,"skipped":0,"pct":95.15},"functions":{"total":56,"covered":53,"skipped":0,"pct":94.64},"branches":{"total":166,"covered":142,"skipped":0,"pct":85.54},"branchesTrue":{"total":0,"covered":0,"skipped":0,"pct":"Unknown"}}
,"C:\\Users\\cemil\\OneDrive\\Desktop\\Solvex2026Team22\\apps\\dashboard\\src\\app.js": {"lines":{"total":215,"covered":210,"skipped":0,"pct":97.67},"functions":{"total":56,"covered":53,"skipped":0,"pct":94.64},"statements":{"total":227,"covered":216,"skipped":0,"pct":95.15},"branches":{"total":166,"covered":142,"skipped":0,"pct":85.54}}
}
