{"total": {"lines":{"total":400,"covered":379,"skipped":0,"pct":94.75},"statements":{"total":441,"covered":411,"skipped":0,"pct":93.19},"functions":{"total":130,"covered":121,"skipped":0,"pct":93.07},"branches":{"total":328,"covered":271,"skipped":0,"pct":82.62},"branchesTrue":{"total":0,"covered":0,"skipped":0,"pct":"Unknown"}}
,"C:\\Users\\cemil\\OneDrive\\Desktop\\Solvex2026Team22\\apps\\dashboard\\src\\app.js": {"lines":{"total":400,"covered":379,"skipped":0,"pct":94.75},"functions":{"total":130,"covered":121,"skipped":0,"pct":93.07},"statements":{"total":441,"covered":411,"skipped":0,"pct":93.19},"branches":{"total":328,"covered":271,"skipped":0,"pct":82.62}}
}
