TN:
SF:apps\dashboard\src\app.js
FN:152,translateContent
FN:157,(anonymous_1)
FN:158,(anonymous_2)
FN:164,applyLocale
FN:174,(anonymous_4)
FN:179,(anonymous_5)
FN:184,getApiBaseUrl
FN:340,createInitialState
FN:355,(anonymous_8)
FN:402,authenticate
FN:407,(anonymous_10)
FN:431,validatePdfFile
FN:449,defaultUploadApi
FN:479,defaultJobStatusApi
FN:508,normalizeJobStatus
FN:517,normalizePercentageScore
FN:524,parseExperienceYears
FN:530,inferCandidateTitle
FN:531,(anonymous_18)
FN:536,buildCandidateFromParsedResult
FN:571,upsertCandidate
FN:572,(anonymous_21)
FN:577,defaultCandidateActionApi
FN:604,defaultAskAiApi
FN:631,buildLocalScoreExplanation
FN:632,(anonymous_25)
FN:633,(anonymous_26)
FN:649,getSkillOptions
FN:650,(anonymous_28)
FN:650,(anonymous_29)
FN:653,getVisibleCandidates
FN:656,(anonymous_31)
FN:660,(anonymous_32)
FN:668,candidateSortValue
FN:674,createRecruiterWorkflow
FN:682,(anonymous_35)
FN:688,(anonymous_36)
FN:704,(anonymous_37)
FN:707,(anonymous_38)
FN:718,(anonymous_39)
FN:721,(anonymous_40)
FN:724,(anonymous_41)
FN:729,(anonymous_42)
FN:734,(anonymous_43)
FN:738,(anonymous_44)
FN:741,(anonymous_45)
FN:750,(anonymous_46)
FN:759,(anonymous_47)
FN:762,(anonymous_48)
FN:763,(anonymous_49)
FN:766,(anonymous_50)
FN:767,(anonymous_51)
FN:770,(anonymous_52)
FN:771,(anonymous_53)
FN:777,(anonymous_54)
FN:778,(anonymous_55)
FN:786,(anonymous_56)
FN:795,(anonymous_57)
FN:800,(anonymous_58)
FN:803,(anonymous_59)
FN:817,(anonymous_60)
FN:824,(anonymous_61)
FN:838,(anonymous_62)
FN:868,(anonymous_63)
FN:908,(anonymous_64)
FN:919,(anonymous_65)
FN:928,(anonymous_66)
FN:938,(anonymous_67)
FN:941,(anonymous_68)
FN:942,(anonymous_69)
FN:944,(anonymous_70)
FN:950,(anonymous_71)
FN:958,(anonymous_72)
FN:963,(anonymous_73)
FN:964,(anonymous_74)
FN:969,(anonymous_75)
FN:973,(anonymous_76)
FN:982,(anonymous_77)
FN:984,(anonymous_78)
FN:1021,(anonymous_79)
FN:1023,(anonymous_80)
FN:1043,(anonymous_81)
FN:1074,loginView
FN:1121,dashboardView
FN:1175,candidateManagementView
FN:1179,(anonymous_85)
FN:1199,(anonymous_86)
FN:1229,(anonymous_87)
FN:1242,sortButton
FN:1249,candidateRow
FN:1267,(anonymous_90)
FN:1286,explainabilityCard
FN:1318,(anonymous_92)
FN:1334,chatPanel
FN:1335,(anonymous_94)
FN:1356,(anonymous_95)
FN:1372,chatMessage
FN:1381,decisionBadge
FN:1391,uploadPanel
FN:1414,statusPanel
FN:1437,(anonymous_100)
FN:1447,qualityPanel
FN:1474,historyPanel
FN:1495,(anonymous_103)
FN:1512,qualityMetric
FN:1524,statusClass
FN:1528,formatDate
FN:1533,buildCandidateExplainPayload
FN:1546,normalizeAiAnswer
FN:1552,renderMarkdown
FN:1558,(anonymous_110)
FN:1588,capitalize
FN:1592,escapeHtml
FNF:113
FNH:100
FNDA:13920,translateContent
FNDA:0,(anonymous_1)
FNDA:0,(anonymous_2)
FNDA:92,applyLocale
FNDA:41687,(anonymous_4)
FNDA:76,(anonymous_5)
FNDA:9,getApiBaseUrl
FNDA:50,createInitialState
FNDA:250,(anonymous_8)
FNDA:11,authenticate
FNDA:9,(anonymous_10)
FNDA:17,validatePdfFile
FNDA:3,defaultUploadApi
FNDA:2,defaultJobStatusApi
FNDA:10,normalizeJobStatus
FNDA:34,normalizePercentageScore
FNDA:4,parseExperienceYears
FNDA:4,inferCandidateTitle
FNDA:4,(anonymous_18)
FNDA:4,buildCandidateFromParsedResult
FNDA:4,upsertCandidate
FNDA:20,(anonymous_21)
FNDA:2,defaultCandidateActionApi
FNDA:2,defaultAskAiApi
FNDA:0,buildLocalScoreExplanation
FNDA:0,(anonymous_25)
FNDA:0,(anonymous_26)
FNDA:78,getSkillOptions
FNDA:394,(anonymous_28)
FNDA:3976,(anonymous_29)
FNDA:87,getVisibleCandidates
FNDA:439,(anonymous_31)
FNDA:359,(anonymous_32)
FNDA:718,candidateSortValue
FNDA:50,createRecruiterWorkflow
FNDA:0,(anonymous_35)
FNDA:92,(anonymous_36)
FNDA:16,(anonymous_37)
FNDA:7,(anonymous_38)
FNDA:0,(anonymous_39)
FNDA:78,(anonymous_40)
FNDA:1,(anonymous_41)
FNDA:1,(anonymous_42)
FNDA:2,(anonymous_43)
FNDA:1,(anonymous_44)
FNDA:1,(anonymous_45)
FNDA:1,(anonymous_46)
FNDA:0,(anonymous_47)
FNDA:231,(anonymous_48)
FNDA:1,(anonymous_49)
FNDA:1600,(anonymous_50)
FNDA:3,(anonymous_51)
FNDA:762,(anonymous_52)
FNDA:1,(anonymous_53)
FNDA:457,(anonymous_54)
FNDA:1,(anonymous_55)
FNDA:1,(anonymous_56)
FNDA:1,(anonymous_57)
FNDA:0,(anonymous_58)
FNDA:7,(anonymous_59)
FNDA:1,(anonymous_60)
FNDA:5,(anonymous_61)
FNDA:6,(anonymous_62)
FNDA:6,(anonymous_63)
FNDA:2,(anonymous_64)
FNDA:5,(anonymous_65)
FNDA:0,(anonymous_66)
FNDA:9,(anonymous_67)
FNDA:0,(anonymous_68)
FNDA:0,(anonymous_69)
FNDA:2,(anonymous_70)
FNDA:3,(anonymous_71)
FNDA:7,(anonymous_72)
FNDA:5,(anonymous_73)
FNDA:15,(anonymous_74)
FNDA:1,(anonymous_75)
FNDA:0,(anonymous_76)
FNDA:4,(anonymous_77)
FNDA:5,(anonymous_78)
FNDA:5,(anonymous_79)
FNDA:13,(anonymous_80)
FNDA:2,(anonymous_81)
FNDA:15,loginView
FNDA:77,dashboardView
FNDA:77,candidateManagementView
FNDA:96,(anonymous_85)
FNDA:1309,(anonymous_86)
FNDA:381,(anonymous_87)
FNDA:231,sortButton
FNDA:381,candidateRow
FNDA:1143,(anonymous_90)
FNDA:77,explainabilityCard
FNDA:220,(anonymous_92)
FNDA:77,chatPanel
FNDA:96,(anonymous_94)
FNDA:88,(anonymous_95)
FNDA:88,chatMessage
FNDA:457,decisionBadge
FNDA:77,uploadPanel
FNDA:77,statusPanel
FNDA:385,(anonymous_100)
FNDA:77,qualityPanel
FNDA:77,historyPanel
FNDA:175,(anonymous_103)
FNDA:308,qualityMetric
FNDA:254,statusClass
FNDA:381,formatDate
FNDA:6,buildCandidateExplainPayload
FNDA:4,normalizeAiAnswer
FNDA:89,renderMarkdown
FNDA:95,(anonymous_110)
FNDA:77,capitalize
FNDA:6647,escapeHtml
DA:3,1
DA:9,1
DA:16,1
DA:21,1
DA:153,13920
DA:155,0
DA:156,0
DA:157,0
DA:159,0
DA:161,0
DA:165,92
DA:167,92
DA:168,92
DA:169,92
DA:170,92
DA:171,41687
DA:174,92
DA:175,41687
DA:176,13840
DA:179,92
DA:180,76
DA:185,9
DA:186,0
DA:189,9
DA:190,0
DA:193,9
DA:194,0
DA:197,9
DA:200,1
DA:341,50
DA:355,250
DA:403,11
DA:406,1
DA:408,9
DA:409,9
DA:410,9
DA:412,9
DA:413,3
DA:415,6
DA:416,1
DA:418,5
DA:419,2
DA:421,3
DA:432,17
DA:433,1
DA:436,16
DA:437,16
DA:438,16
DA:440,16
DA:441,4
DA:443,12
DA:444,1
DA:446,11
DA:450,3
DA:452,3
DA:454,3
DA:455,3
DA:464,0
DA:465,0
DA:467,0
DA:472,0
DA:473,0
DA:476,0
DA:480,2
DA:482,2
DA:484,2
DA:485,2
DA:500,0
DA:501,0
DA:502,0
DA:505,0
DA:509,10
DA:510,10
DA:511,6
DA:512,4
DA:513,0
DA:514,0
DA:518,34
DA:519,34
DA:520,18
DA:521,18
DA:525,4
DA:526,4
DA:527,4
DA:531,4
DA:532,4
DA:533,0
DA:537,4
DA:538,4
DA:539,4
DA:540,4
DA:541,4
DA:542,4
DA:544,4
DA:572,20
DA:573,4
DA:574,4
DA:578,2
DA:580,2
DA:582,2
DA:583,0
DA:586,2
DA:598,2
DA:599,1
DA:601,1
DA:605,2
DA:607,2
DA:609,2
DA:610,0
DA:617,2
DA:625,2
DA:626,1
DA:628,1
DA:632,0
DA:633,0
DA:634,0
DA:637,0
DA:650,3976
DA:654,87
DA:655,87
DA:656,87
DA:657,439
DA:660,87
DA:661,359
DA:662,359
DA:663,359
DA:664,359
DA:669,718
DA:670,670
DA:671,646
DA:675,50
DA:676,50
DA:677,50
DA:678,50
DA:679,50
DA:680,50
DA:681,50
DA:682,50
DA:683,50
DA:685,50
DA:689,92
DA:690,92
DA:691,92
DA:693,92
DA:694,15
DA:695,15
DA:696,15
DA:697,15
DA:700,77
DA:701,77
DA:702,77
DA:705,16
DA:706,16
DA:707,15
DA:708,7
DA:709,7
DA:716,15
DA:717,15
DA:718,15
DA:722,78
DA:723,78
DA:724,77
DA:727,78
DA:728,78
DA:729,77
DA:732,78
DA:733,78
DA:734,77
DA:735,2
DA:736,2
DA:738,77
DA:739,1
DA:741,77
DA:742,1
DA:743,1
DA:744,1
DA:748,78
DA:749,78
DA:750,77
DA:751,1
DA:752,1
DA:757,78
DA:758,78
DA:759,77
DA:762,78
DA:763,231
DA:766,78
DA:767,1600
DA:770,78
DA:771,762
DA:772,1
DA:773,1
DA:777,78
DA:778,457
DA:779,1
DA:780,1
DA:784,78
DA:785,78
DA:786,76
DA:787,1
DA:788,1
DA:789,1
DA:793,78
DA:794,78
DA:795,77
DA:798,78
DA:799,78
DA:800,77
DA:804,7
DA:805,7
DA:806,4
DA:807,4
DA:808,4
DA:811,3
DA:812,3
DA:813,3
DA:814,3
DA:815,3
DA:818,1
DA:819,1
DA:820,1
DA:821,1
DA:822,1
DA:825,5
DA:826,5
DA:827,1
DA:828,1
DA:829,1
DA:830,1
DA:833,4
DA:834,4
DA:835,4
DA:836,4
DA:839,6
DA:840,6
DA:841,1
DA:842,1
DA:843,1
DA:846,5
DA:862,5
DA:863,5
DA:864,5
DA:866,5
DA:868,5
DA:869,6
DA:870,6
DA:871,6
DA:873,6
DA:874,6
DA:875,6
DA:876,6
DA:877,6
DA:878,6
DA:879,6
DA:888,6
DA:889,4
DA:890,4
DA:891,4
DA:892,4
DA:893,4
DA:897,4
DA:898,4
DA:901,2
DA:902,0
DA:903,0
DA:904,0
DA:907,2
DA:908,2
DA:909,2
DA:912,0
DA:913,0
DA:914,0
DA:918,5
DA:920,5
DA:921,4
DA:922,4
DA:923,4
DA:924,4
DA:925,4
DA:926,4
DA:929,0
DA:930,0
DA:931,0
DA:932,0
DA:933,0
DA:936,5
DA:939,9
DA:942,0
DA:945,2
DA:946,2
DA:947,2
DA:948,2
DA:951,3
DA:952,1
DA:954,2
DA:955,2
DA:957,3
DA:958,7
DA:959,0
DA:961,3
DA:964,15
DA:965,4
DA:966,4
DA:967,4
DA:970,1
DA:971,1
DA:974,0
DA:975,0
DA:976,0
DA:980,0
DA:984,5
DA:985,4
DA:986,4
DA:988,4
DA:989,4
DA:990,4
DA:991,4
DA:992,4
DA:996,4
DA:998,4
DA:999,4
DA:1004,3
DA:1008,3
DA:1009,3
DA:1010,3
DA:1012,1
DA:1016,1
DA:1017,1
DA:1018,1
DA:1022,5
DA:1023,13
DA:1024,4
DA:1026,3
DA:1027,3
DA:1028,3
DA:1030,3
DA:1031,3
DA:1032,2
DA:1033,2
DA:1034,2
DA:1035,2
DA:1037,1
DA:1038,1
DA:1039,1
DA:1040,1
DA:1044,2
DA:1045,2
DA:1047,1
DA:1051,1
DA:1052,1
DA:1067,1
DA:1071,50
DA:1075,15
DA:1122,77
DA:1123,77
DA:1177,77
DA:1179,96
DA:1180,77
DA:1181,77
DA:1200,1309
DA:1229,381
DA:1243,231
DA:1244,231
DA:1245,231
DA:1246,231
DA:1250,381
DA:1251,381
DA:1252,381
DA:1253,381
DA:1267,1143
DA:1287,77
DA:1288,1
DA:1296,76
DA:1318,220
DA:1335,96
DA:1336,77
DA:1337,77
DA:1338,77
DA:1356,88
DA:1373,88
DA:1382,457
DA:1387,457
DA:1388,457
DA:1392,77
DA:1393,77
DA:1415,77
DA:1416,77
DA:1417,77
DA:1418,77
DA:1438,385
DA:1439,385
DA:1448,77
DA:1449,77
DA:1475,77
DA:1476,77
DA:1495,175
DA:1513,308
DA:1525,254
DA:1529,381
DA:1530,381
DA:1534,6
DA:1547,4
DA:1548,4
DA:1549,1
DA:1553,89
DA:1554,89
DA:1555,89
DA:1556,89
DA:1558,89
DA:1559,95
DA:1560,5
DA:1561,0
DA:1562,0
DA:1564,5
DA:1565,5
DA:1567,90
DA:1568,5
DA:1569,4
DA:1570,4
DA:1572,5
DA:1573,5
DA:1575,85
DA:1576,0
DA:1577,0
DA:1579,85
DA:1580,85
DA:1584,89
DA:1585,89
DA:1589,77
DA:1593,6647
LF:430
LH:382
BRDA:153,0,0,13920
BRDA:153,0,1,0
BRDA:165,1,0,0
BRDA:165,1,1,92
BRDA:167,2,0,92
BRDA:167,2,1,0
BRDA:175,3,0,27847
BRDA:175,3,1,13840
BRDA:175,4,0,41687
BRDA:175,4,1,41687
BRDA:185,5,0,0
BRDA:185,5,1,9
BRDA:185,6,0,9
BRDA:185,6,1,9
BRDA:189,7,0,0
BRDA:189,7,1,9
BRDA:193,8,0,0
BRDA:193,8,1,9
BRDA:402,9,0,0
BRDA:408,10,0,9
BRDA:408,10,1,2
BRDA:409,11,0,9
BRDA:409,11,1,2
BRDA:410,12,0,9
BRDA:410,12,1,1
BRDA:412,13,0,3
BRDA:412,13,1,6
BRDA:412,14,0,9
BRDA:412,14,1,7
BRDA:415,15,0,1
BRDA:415,15,1,5
BRDA:418,16,0,2
BRDA:418,16,1,3
BRDA:418,17,0,5
BRDA:418,17,1,4
BRDA:431,18,0,17
BRDA:432,19,0,1
BRDA:432,19,1,16
BRDA:436,20,0,16
BRDA:436,20,1,1
BRDA:437,21,0,16
BRDA:437,21,1,1
BRDA:438,22,0,16
BRDA:438,22,1,5
BRDA:440,23,0,4
BRDA:440,23,1,12
BRDA:443,24,0,1
BRDA:443,24,1,11
BRDA:443,25,0,12
BRDA:443,25,1,0
BRDA:452,26,0,3
BRDA:452,26,1,3
BRDA:452,26,2,3
BRDA:454,27,0,3
BRDA:454,27,1,0
BRDA:454,28,0,3
BRDA:454,28,1,3
BRDA:454,28,2,0
BRDA:457,29,0,3
BRDA:457,29,1,0
BRDA:472,30,0,0
BRDA:472,30,1,0
BRDA:482,31,0,2
BRDA:482,31,1,2
BRDA:482,31,2,2
BRDA:484,32,0,2
BRDA:484,32,1,0
BRDA:484,33,0,2
BRDA:484,33,1,2
BRDA:501,34,0,0
BRDA:501,34,1,0
BRDA:509,35,0,10
BRDA:509,35,1,0
BRDA:510,36,0,4
BRDA:510,36,1,6
BRDA:511,37,0,2
BRDA:511,37,1,4
BRDA:512,38,0,4
BRDA:512,38,1,0
BRDA:513,39,0,0
BRDA:513,39,1,0
BRDA:517,40,0,0
BRDA:519,41,0,16
BRDA:519,41,1,18
BRDA:520,42,0,0
BRDA:520,42,1,18
BRDA:524,43,0,0
BRDA:525,44,0,0
BRDA:525,44,1,4
BRDA:530,45,0,0
BRDA:530,46,0,0
BRDA:531,47,0,4
BRDA:531,47,1,0
BRDA:532,48,0,4
BRDA:532,48,1,0
BRDA:533,49,0,0
BRDA:533,49,1,0
BRDA:537,50,0,4
BRDA:537,50,1,0
BRDA:538,51,0,4
BRDA:538,51,1,0
BRDA:539,52,0,4
BRDA:539,52,1,0
BRDA:539,53,0,0
BRDA:539,53,1,0
BRDA:540,54,0,4
BRDA:540,54,1,2
BRDA:541,55,0,4
BRDA:541,55,1,0
BRDA:542,56,0,4
BRDA:542,56,1,0
BRDA:552,57,0,4
BRDA:552,57,1,0
BRDA:558,58,0,4
BRDA:558,58,1,0
BRDA:563,59,0,4
BRDA:563,59,1,0
BRDA:564,60,0,4
BRDA:564,60,1,0
BRDA:565,61,0,4
BRDA:565,61,1,0
BRDA:580,62,0,2
BRDA:580,62,1,2
BRDA:580,62,2,2
BRDA:582,63,0,0
BRDA:582,63,1,2
BRDA:582,64,0,2
BRDA:582,64,1,2
BRDA:598,65,0,1
BRDA:598,65,1,1
BRDA:607,66,0,2
BRDA:607,66,1,2
BRDA:607,66,2,2
BRDA:609,67,0,0
BRDA:609,67,1,2
BRDA:609,68,0,2
BRDA:609,68,1,2
BRDA:625,69,0,1
BRDA:625,69,1,1
BRDA:631,70,0,0
BRDA:634,71,0,0
BRDA:634,71,1,0
BRDA:641,72,0,0
BRDA:641,72,1,0
BRDA:643,73,0,0
BRDA:643,73,1,0
BRDA:645,74,0,0
BRDA:645,74,1,0
BRDA:655,75,0,3
BRDA:655,75,1,84
BRDA:657,76,0,439
BRDA:657,76,1,30
BRDA:663,77,0,0
BRDA:663,77,1,359
BRDA:664,78,0,10
BRDA:664,78,1,349
BRDA:669,79,0,48
BRDA:669,79,1,670
BRDA:670,80,0,24
BRDA:670,80,1,646
BRDA:674,81,0,3
BRDA:675,82,0,50
BRDA:675,82,1,4
BRDA:675,83,0,4
BRDA:675,83,1,0
BRDA:676,84,0,50
BRDA:676,84,1,48
BRDA:677,85,0,50
BRDA:677,85,1,47
BRDA:678,86,0,50
BRDA:678,86,1,46
BRDA:679,87,0,50
BRDA:679,87,1,48
BRDA:680,88,0,50
BRDA:680,88,1,48
BRDA:681,89,0,50
BRDA:681,89,1,50
BRDA:681,90,0,50
BRDA:681,90,1,0
BRDA:682,91,0,50
BRDA:682,91,1,5
BRDA:683,92,0,50
BRDA:683,92,1,50
BRDA:689,93,0,0
BRDA:689,93,1,92
BRDA:690,94,0,92
BRDA:690,94,1,0
BRDA:693,95,0,15
BRDA:693,95,1,77
BRDA:706,96,0,1
BRDA:706,96,1,15
BRDA:717,97,0,15
BRDA:717,97,1,0
BRDA:723,98,0,77
BRDA:723,98,1,1
BRDA:728,99,0,77
BRDA:728,99,1,1
BRDA:733,100,0,77
BRDA:733,100,1,1
BRDA:749,101,0,77
BRDA:749,101,1,1
BRDA:751,102,0,1
BRDA:751,102,1,0
BRDA:758,103,0,77
BRDA:758,103,1,1
BRDA:780,104,0,1
BRDA:780,104,1,0
BRDA:785,105,0,76
BRDA:785,105,1,2
BRDA:794,106,0,77
BRDA:794,106,1,1
BRDA:799,107,0,77
BRDA:799,107,1,1
BRDA:805,108,0,4
BRDA:805,108,1,3
BRDA:826,109,0,1
BRDA:826,109,1,4
BRDA:840,110,0,1
BRDA:840,110,1,5
BRDA:871,111,0,0
BRDA:871,111,1,6
BRDA:871,112,0,6
BRDA:871,112,1,6
BRDA:875,113,0,6
BRDA:875,113,1,0
BRDA:877,114,0,6
BRDA:877,114,1,0
BRDA:878,115,0,4
BRDA:878,115,1,2
BRDA:878,116,0,2
BRDA:878,116,1,0
BRDA:878,117,0,0
BRDA:878,117,1,0
BRDA:885,118,0,4
BRDA:885,118,1,2
BRDA:885,119,0,2
BRDA:885,119,1,0
BRDA:888,120,0,4
BRDA:888,120,1,2
BRDA:888,121,0,6
BRDA:888,121,1,4
BRDA:901,122,0,0
BRDA:901,122,1,2
BRDA:902,123,0,0
BRDA:902,123,1,0
BRDA:912,124,0,0
BRDA:912,124,1,0
BRDA:912,125,0,0
BRDA:912,125,1,0
BRDA:913,126,0,0
BRDA:913,126,1,0
BRDA:920,127,0,1
BRDA:920,127,1,4
BRDA:920,128,0,5
BRDA:920,128,1,4
BRDA:921,129,0,4
BRDA:921,129,1,0
BRDA:922,130,0,4
BRDA:922,130,1,0
BRDA:929,131,0,0
BRDA:929,131,1,0
BRDA:929,132,0,0
BRDA:929,132,1,0
BRDA:930,133,0,0
BRDA:930,133,1,0
BRDA:942,134,0,0
BRDA:942,134,1,0
BRDA:947,135,0,1
BRDA:947,135,1,1
BRDA:951,136,0,1
BRDA:951,136,1,2
BRDA:952,137,0,1
BRDA:952,137,1,0
BRDA:958,138,0,0
BRDA:958,138,1,3
BRDA:958,139,0,3
BRDA:958,139,1,3
BRDA:964,140,0,1
BRDA:964,140,1,4
BRDA:974,141,0,0
BRDA:974,141,1,0
BRDA:975,142,0,0
BRDA:975,142,1,0
BRDA:976,143,0,0
BRDA:976,143,1,0
BRDA:982,144,0,1
BRDA:985,145,0,4
BRDA:985,145,1,0
BRDA:985,146,0,4
BRDA:985,146,1,0
BRDA:986,147,0,0
BRDA:986,147,1,4
BRDA:986,148,0,4
BRDA:986,148,1,4
BRDA:1014,149,0,1
BRDA:1014,149,1,0
BRDA:1022,150,0,1
BRDA:1022,150,1,4
BRDA:1024,151,0,1
BRDA:1024,151,1,3
BRDA:1038,152,0,1
BRDA:1038,152,1,0
BRDA:1044,153,0,2
BRDA:1044,153,1,0
BRDA:1044,154,0,0
BRDA:1044,154,1,0
BRDA:1045,155,0,1
BRDA:1045,155,1,1
BRDA:1093,156,0,4
BRDA:1093,156,1,11
BRDA:1113,157,0,15
BRDA:1113,157,1,0
BRDA:1122,158,0,77
BRDA:1122,158,1,60
BRDA:1153,159,0,77
BRDA:1153,159,1,0
BRDA:1158,160,0,3
BRDA:1158,160,1,74
BRDA:1179,161,0,77
BRDA:1179,161,1,1
BRDA:1201,162,0,1
BRDA:1201,162,1,1308
BRDA:1228,163,0,76
BRDA:1228,163,1,1
BRDA:1244,164,0,77
BRDA:1244,164,1,154
BRDA:1245,165,0,77
BRDA:1245,165,1,154
BRDA:1245,166,0,76
BRDA:1245,166,1,1
BRDA:1246,167,0,77
BRDA:1246,167,1,154
BRDA:1251,168,0,381
BRDA:1251,168,1,375
BRDA:1254,169,0,76
BRDA:1254,169,1,305
BRDA:1273,170,0,3
BRDA:1273,170,1,378
BRDA:1273,171,0,2
BRDA:1273,171,1,379
BRDA:1276,172,0,3
BRDA:1276,172,1,378
BRDA:1276,173,0,1
BRDA:1276,173,1,380
BRDA:1287,174,0,1
BRDA:1287,174,1,76
BRDA:1336,175,0,76
BRDA:1336,175,1,1
BRDA:1339,176,0,1
BRDA:1339,176,1,76
BRDA:1344,177,0,1
BRDA:1344,177,1,76
BRDA:1353,178,0,4
BRDA:1353,178,1,72
BRDA:1357,179,0,4
BRDA:1357,179,1,72
BRDA:1362,180,0,4
BRDA:1362,180,1,72
BRDA:1363,181,0,4
BRDA:1363,181,1,72
BRDA:1375,182,0,8
BRDA:1375,182,1,80
BRDA:1387,183,0,457
BRDA:1387,183,1,0
BRDA:1392,184,0,4
BRDA:1392,184,1,73
BRDA:1407,185,0,4
BRDA:1407,185,1,73
BRDA:1417,186,0,77
BRDA:1417,186,1,1
BRDA:1438,187,0,262
BRDA:1438,187,1,123
BRDA:1438,188,0,77
BRDA:1438,188,1,46
BRDA:1529,189,0,381
BRDA:1529,189,1,0
BRDA:1529,190,0,381
BRDA:1529,190,1,0
BRDA:1530,191,0,0
BRDA:1530,191,1,381
BRDA:1546,192,0,1
BRDA:1547,193,0,0
BRDA:1547,193,1,4
BRDA:1548,194,0,3
BRDA:1548,194,1,1
BRDA:1548,195,0,4
BRDA:1548,195,1,4
BRDA:1559,196,0,5
BRDA:1559,196,1,90
BRDA:1560,197,0,0
BRDA:1560,197,1,5
BRDA:1567,198,0,5
BRDA:1567,198,1,85
BRDA:1568,199,0,4
BRDA:1568,199,1,1
BRDA:1575,200,0,0
BRDA:1575,200,1,85
BRDA:1579,201,0,85
BRDA:1579,201,1,0
BRDA:1584,202,0,4
BRDA:1584,202,1,85
BRF:401
BRH:288
end_of_record
