TN:
SF:apps\dashboard\src\app.js
FN:161,createInitialState
FN:175,(anonymous_1)
FN:211,authenticate
FN:216,(anonymous_3)
FN:240,validatePdfFile
FN:258,defaultCandidateActionApi
FN:285,getSkillOptions
FN:286,(anonymous_7)
FN:286,(anonymous_8)
FN:289,getVisibleCandidates
FN:292,(anonymous_10)
FN:296,(anonymous_11)
FN:304,candidateSortValue
FN:310,createRecruiterWorkflow
FN:315,(anonymous_14)
FN:321,(anonymous_15)
FN:332,(anonymous_16)
FN:335,(anonymous_17)
FN:344,(anonymous_18)
FN:347,(anonymous_19)
FN:352,(anonymous_20)
FN:357,(anonymous_21)
FN:361,(anonymous_22)
FN:364,(anonymous_23)
FN:373,(anonymous_24)
FN:382,(anonymous_25)
FN:385,(anonymous_26)
FN:386,(anonymous_27)
FN:389,(anonymous_28)
FN:390,(anonymous_29)
FN:393,(anonymous_30)
FN:394,(anonymous_31)
FN:400,(anonymous_32)
FN:414,(anonymous_33)
FN:421,(anonymous_34)
FN:435,(anonymous_35)
FN:462,(anonymous_36)
FN:463,(anonymous_37)
FN:473,(anonymous_38)
FN:476,(anonymous_39)
FN:477,(anonymous_40)
FN:479,(anonymous_41)
FN:485,(anonymous_42)
FN:493,(anonymous_43)
FN:498,(anonymous_44)
FN:499,(anonymous_45)
FN:504,(anonymous_46)
FN:506,(anonymous_47)
FN:526,(anonymous_48)
FN:557,loginView
FN:603,dashboardView
FN:653,candidateManagementView
FN:657,(anonymous_52)
FN:677,(anonymous_53)
FN:707,(anonymous_54)
FN:720,sortButton
FN:727,candidateRow
FN:745,(anonymous_57)
FN:761,explainabilityCard
FN:790,(anonymous_59)
FN:806,decisionBadge
FN:816,uploadPanel
FN:839,statusPanel
FN:862,(anonymous_63)
FN:872,qualityPanel
FN:899,historyPanel
FN:920,(anonymous_66)
FN:937,qualityMetric
FN:949,statusClass
FN:953,formatDate
FN:957,capitalize
FN:961,escapeHtml
FNF:72
FNH:68
FNDA:41,createInitialState
FNDA:205,(anonymous_1)
FNDA:11,authenticate
FNDA:9,(anonymous_3)
FNDA:16,validatePdfFile
FNDA:2,defaultCandidateActionApi
FNDA:62,getSkillOptions
FNDA:310,(anonymous_7)
FNDA:3162,(anonymous_8)
FNDA:71,getVisibleCandidates
FNDA:355,(anonymous_10)
FNDA:275,(anonymous_11)
FNDA:550,candidateSortValue
FNDA:41,createRecruiterWorkflow
FNDA:0,(anonymous_14)
FNDA:76,(anonymous_15)
FNDA:16,(anonymous_16)
FNDA:7,(anonymous_17)
FNDA:62,(anonymous_18)
FNDA:1,(anonymous_19)
FNDA:1,(anonymous_20)
FNDA:2,(anonymous_21)
FNDA:1,(anonymous_22)
FNDA:1,(anonymous_23)
FNDA:1,(anonymous_24)
FNDA:0,(anonymous_25)
FNDA:183,(anonymous_26)
FNDA:1,(anonymous_27)
FNDA:891,(anonymous_28)
FNDA:2,(anonymous_29)
FNDA:594,(anonymous_30)
FNDA:1,(anonymous_31)
FNDA:7,(anonymous_32)
FNDA:1,(anonymous_33)
FNDA:5,(anonymous_34)
FNDA:5,(anonymous_35)
FNDA:16,(anonymous_36)
FNDA:16,(anonymous_37)
FNDA:9,(anonymous_38)
FNDA:0,(anonymous_39)
FNDA:0,(anonymous_40)
FNDA:2,(anonymous_41)
FNDA:3,(anonymous_42)
FNDA:7,(anonymous_43)
FNDA:4,(anonymous_44)
FNDA:14,(anonymous_45)
FNDA:5,(anonymous_46)
FNDA:13,(anonymous_47)
FNDA:2,(anonymous_48)
FNDA:15,loginView
FNDA:61,dashboardView
FNDA:61,candidateManagementView
FNDA:78,(anonymous_52)
FNDA:1037,(anonymous_53)
FNDA:297,(anonymous_54)
FNDA:183,sortButton
FNDA:297,candidateRow
FNDA:891,(anonymous_57)
FNDA:61,explainabilityCard
FNDA:176,(anonymous_59)
FNDA:357,decisionBadge
FNDA:61,uploadPanel
FNDA:61,statusPanel
FNDA:305,(anonymous_63)
FNDA:61,qualityPanel
FNDA:61,historyPanel
FNDA:140,(anonymous_66)
FNDA:244,qualityMetric
FNDA:203,statusClass
FNDA:297,formatDate
FNDA:61,capitalize
FNDA:5061,escapeHtml
DA:3,1
DA:9,1
DA:16,1
DA:21,1
DA:162,41
DA:175,205
DA:212,11
DA:215,1
DA:217,9
DA:218,9
DA:219,9
DA:221,9
DA:222,3
DA:224,6
DA:225,1
DA:227,5
DA:228,2
DA:230,3
DA:241,16
DA:242,1
DA:245,15
DA:246,15
DA:247,15
DA:249,15
DA:250,4
DA:252,11
DA:253,1
DA:255,10
DA:259,2
DA:261,2
DA:263,2
DA:264,0
DA:267,2
DA:279,2
DA:280,1
DA:282,1
DA:286,3162
DA:290,71
DA:291,71
DA:292,71
DA:293,355
DA:296,71
DA:297,275
DA:298,275
DA:299,275
DA:300,275
DA:305,550
DA:306,502
DA:307,478
DA:311,41
DA:312,41
DA:313,41
DA:314,41
DA:315,41
DA:316,41
DA:318,41
DA:322,76
DA:323,76
DA:324,15
DA:325,15
DA:326,15
DA:329,61
DA:330,61
DA:333,16
DA:334,16
DA:335,15
DA:336,7
DA:337,7
DA:345,62
DA:346,62
DA:347,61
DA:350,62
DA:351,62
DA:352,61
DA:355,62
DA:356,62
DA:357,61
DA:358,2
DA:359,2
DA:361,61
DA:362,1
DA:364,61
DA:365,1
DA:366,1
DA:367,1
DA:371,62
DA:372,62
DA:373,61
DA:374,1
DA:375,1
DA:380,62
DA:381,62
DA:382,61
DA:385,62
DA:386,183
DA:389,62
DA:390,891
DA:393,62
DA:394,594
DA:395,1
DA:396,1
DA:401,7
DA:402,7
DA:403,4
DA:404,4
DA:405,4
DA:408,3
DA:409,3
DA:410,3
DA:411,3
DA:412,3
DA:415,1
DA:416,1
DA:417,1
DA:418,1
DA:419,1
DA:422,5
DA:423,5
DA:424,1
DA:425,1
DA:426,1
DA:427,1
DA:430,4
DA:431,4
DA:432,4
DA:433,4
DA:436,5
DA:437,5
DA:438,1
DA:439,1
DA:440,1
DA:443,4
DA:458,4
DA:459,4
DA:460,4
DA:462,4
DA:463,16
DA:464,16
DA:465,12
DA:466,12
DA:467,12
DA:468,12
DA:471,4
DA:474,9
DA:477,0
DA:480,2
DA:481,2
DA:482,2
DA:483,2
DA:486,3
DA:487,1
DA:489,2
DA:490,2
DA:492,3
DA:493,7
DA:494,0
DA:496,3
DA:499,14
DA:500,3
DA:501,3
DA:502,3
DA:505,5
DA:506,13
DA:507,4
DA:509,3
DA:510,3
DA:511,3
DA:513,3
DA:514,3
DA:515,2
DA:516,2
DA:517,2
DA:518,2
DA:520,1
DA:521,1
DA:522,1
DA:523,1
DA:527,2
DA:528,2
DA:530,1
DA:534,1
DA:535,1
DA:550,1
DA:554,41
DA:558,15
DA:604,61
DA:605,61
DA:655,61
DA:657,78
DA:658,61
DA:659,61
DA:678,1037
DA:707,297
DA:721,183
DA:722,183
DA:723,183
DA:724,183
DA:728,297
DA:729,297
DA:730,297
DA:731,297
DA:745,891
DA:762,61
DA:763,1
DA:771,60
DA:790,176
DA:807,357
DA:812,357
DA:813,357
DA:817,61
DA:818,61
DA:840,61
DA:841,61
DA:842,61
DA:843,61
DA:863,305
DA:864,305
DA:873,61
DA:874,61
DA:900,61
DA:901,61
DA:920,140
DA:938,244
DA:950,203
DA:954,297
DA:958,61
DA:962,5061
LF:227
LH:224
BRDA:211,0,0,0
BRDA:217,1,0,9
BRDA:217,1,1,2
BRDA:218,2,0,9
BRDA:218,2,1,2
BRDA:219,3,0,9
BRDA:219,3,1,1
BRDA:221,4,0,3
BRDA:221,4,1,6
BRDA:221,5,0,9
BRDA:221,5,1,7
BRDA:224,6,0,1
BRDA:224,6,1,5
BRDA:227,7,0,2
BRDA:227,7,1,3
BRDA:227,8,0,5
BRDA:227,8,1,4
BRDA:240,9,0,16
BRDA:241,10,0,1
BRDA:241,10,1,15
BRDA:245,11,0,15
BRDA:245,11,1,1
BRDA:246,12,0,15
BRDA:246,12,1,1
BRDA:247,13,0,15
BRDA:247,13,1,5
BRDA:249,14,0,4
BRDA:249,14,1,11
BRDA:252,15,0,1
BRDA:252,15,1,10
BRDA:252,16,0,11
BRDA:252,16,1,0
BRDA:261,17,0,2
BRDA:261,17,1,2
BRDA:261,17,2,2
BRDA:263,18,0,0
BRDA:263,18,1,2
BRDA:263,19,0,2
BRDA:263,19,1,2
BRDA:279,20,0,1
BRDA:279,20,1,1
BRDA:291,21,0,3
BRDA:291,21,1,68
BRDA:293,22,0,355
BRDA:293,22,1,30
BRDA:299,23,0,0
BRDA:299,23,1,275
BRDA:300,24,0,6
BRDA:300,24,1,269
BRDA:305,25,0,48
BRDA:305,25,1,502
BRDA:306,26,0,24
BRDA:306,26,1,478
BRDA:310,27,0,1
BRDA:311,28,0,41
BRDA:311,28,1,2
BRDA:311,29,0,2
BRDA:311,29,1,0
BRDA:312,30,0,41
BRDA:312,30,1,39
BRDA:313,31,0,41
BRDA:313,31,1,38
BRDA:314,32,0,41
BRDA:314,32,1,41
BRDA:314,33,0,41
BRDA:314,33,1,0
BRDA:315,34,0,41
BRDA:315,34,1,3
BRDA:316,35,0,41
BRDA:316,35,1,41
BRDA:322,36,0,0
BRDA:322,36,1,76
BRDA:323,37,0,15
BRDA:323,37,1,61
BRDA:334,38,0,1
BRDA:334,38,1,15
BRDA:346,39,0,61
BRDA:346,39,1,1
BRDA:351,40,0,61
BRDA:351,40,1,1
BRDA:356,41,0,61
BRDA:356,41,1,1
BRDA:372,42,0,61
BRDA:372,42,1,1
BRDA:374,43,0,1
BRDA:374,43,1,0
BRDA:381,44,0,61
BRDA:381,44,1,1
BRDA:402,45,0,4
BRDA:402,45,1,3
BRDA:423,46,0,1
BRDA:423,46,1,4
BRDA:437,47,0,1
BRDA:437,47,1,4
BRDA:464,48,0,4
BRDA:464,48,1,12
BRDA:477,49,0,0
BRDA:477,49,1,0
BRDA:482,50,0,1
BRDA:482,50,1,1
BRDA:486,51,0,1
BRDA:486,51,1,2
BRDA:487,52,0,1
BRDA:487,52,1,0
BRDA:493,53,0,0
BRDA:493,53,1,3
BRDA:493,54,0,3
BRDA:493,54,1,3
BRDA:499,55,0,1
BRDA:499,55,1,3
BRDA:505,56,0,1
BRDA:505,56,1,4
BRDA:507,57,0,1
BRDA:507,57,1,3
BRDA:521,58,0,1
BRDA:521,58,1,0
BRDA:527,59,0,2
BRDA:527,59,1,0
BRDA:527,60,0,0
BRDA:527,60,1,0
BRDA:528,61,0,1
BRDA:528,61,1,1
BRDA:576,62,0,4
BRDA:576,62,1,11
BRDA:604,63,0,61
BRDA:604,63,1,43
BRDA:637,64,0,3
BRDA:637,64,1,58
BRDA:657,65,0,61
BRDA:657,65,1,1
BRDA:679,66,0,1
BRDA:679,66,1,1036
BRDA:706,67,0,60
BRDA:706,67,1,1
BRDA:722,68,0,61
BRDA:722,68,1,122
BRDA:723,69,0,61
BRDA:723,69,1,122
BRDA:723,70,0,60
BRDA:723,70,1,1
BRDA:724,71,0,61
BRDA:724,71,1,122
BRDA:729,72,0,297
BRDA:729,72,1,291
BRDA:732,73,0,60
BRDA:732,73,1,237
BRDA:751,74,0,3
BRDA:751,74,1,294
BRDA:751,75,0,2
BRDA:751,75,1,295
BRDA:754,76,0,3
BRDA:754,76,1,294
BRDA:754,77,0,1
BRDA:754,77,1,296
BRDA:762,78,0,1
BRDA:762,78,1,60
BRDA:812,79,0,357
BRDA:812,79,1,0
BRDA:817,80,0,4
BRDA:817,80,1,57
BRDA:832,81,0,4
BRDA:832,81,1,57
BRDA:842,82,0,61
BRDA:842,82,1,1
BRDA:863,83,0,206
BRDA:863,83,1,99
BRDA:863,84,0,61
BRDA:863,84,1,38
BRF:168
BRH:151
end_of_record
